# JRE version: OpenJDK Runtime Environment (7.0_79-b14) (build 1.7.0_79-b14)
# Java VM: OpenJDK Client VM (24.79-b02 mixed mode, sharing linux-x86 )
Heap
 def new generation   total 27520K, used 12025K [0x6e800000, 0x705d0000, 0x792a0000)
  eden space 24512K,  45% used [0x6e800000, 0x6f2cfdf8, 0x6fff0000)
  from space 3008K,  31% used [0x702e0000, 0x703ce810, 0x705d0000)
  to   space 3008K,   0% used [0x6fff0000, 0x6fff0000, 0x702e0000)
 tenured generation   total 60980K, used 41645K [0x792a0000, 0x7ce2d000, 0x8e800000)
   the space 60980K,  68% used [0x792a0000, 0x7bb4b6d0, 0x7bb4b800, 0x7ce2d000)
 compacting perm gen  total 22528K, used 22361K [0x8e800000, 0x8fe00000, 0x92800000)
   the space 22528K,  99% used [0x8e800000, 0x8fdd6568, 0x8fdd6600, 0x8fe00000)
    ro space 10240K,  58% used [0x92800000, 0x92de1558, 0x92de1600, 0x93200000)
    rw space 12288K,  59% used [0x93200000, 0x939164e8, 0x93916600, 0x93e00000)
GC Heap History (10 events):
Event: 932.935 GC heap before
{Heap before GC invocations=1900 (full 5):
 def new generation   total 27520K, used 24512K [0x6e800000, 0x705d0000, 0x792a0000)
  eden space 24512K, 100% used [0x6e800000, 0x6fff0000, 0x6fff0000)
  from space 3008K,   0% used [0x6fff0000, 0x6fff0000, 0x702e0000)
  to   space 3008K,   0% used [0x702e0000, 0x702e0000, 0x705d0000)
 tenured generation   total 60980K, used 36586K [0x792a0000, 0x7ce2d000, 0x8e800000)
   the space 60980K,  59% used [0x792a0000, 0x7b65a8d0, 0x7b65aa00, 0x7ce2d000)
 compacting perm gen  total 22272K, used 22192K [0x8e800000, 0x8fdc0000, 0x92800000)
   the space 22272K,  99% used [0x8e800000, 0x8fdac000, 0x8fdac000, 0x8fdc0000)
    ro space 10240K,  58% used [0x92800000, 0x92de1558, 0x92de1600, 0x93200000)
    rw space 12288K,  59% used [0x93200000, 0x939164e8, 0x93916600, 0x93e00000)
Event: 933.413 GC heap after
Heap after GC invocations=1901 (full 5):
 def new generation   total 27520K, used 2455K [0x6e800000, 0x705d0000, 0x792a0000)
  eden space 24512K,   0% used [0x6e800000, 0x6e800000, 0x6fff0000)
  from space 3008K,  81% used [0x702e0000, 0x70545e38, 0x705d0000)
  to   space 3008K,   0% used [0x6fff0000, 0x6fff0000, 0x702e0000)
 tenured generation   total 60980K, used 36586K [0x792a0000, 0x7ce2d000, 0x8e800000)
   the space 60980K,  59% used [0x792a0000, 0x7b65a900, 0x7b65aa00, 0x7ce2d000)
 compacting perm gen  total 22272K, used 22192K [0x8e800000, 0x8fdc0000, 0x92800000)
   the space 22272K,  99% used [0x8e800000, 0x8fdac000, 0x8fdac000, 0x8fdc0000)
    ro space 10240K,  58% used [0x92800000, 0x92de1558, 0x92de1600, 0x93200000)
    rw space 12288K,  59% used [0x93200000, 0x939164e8, 0x93916600, 0x93e00000)
}
Event: 1045.696 GC heap before
{Heap before GC invocations=1901 (full 5):
 def new generation   total 27520K, used 26432K [0x6e800000, 0x705d0000, 0x792a0000)
  eden space 24512K,  97% used [0x6e800000, 0x6ff6a3b8, 0x6fff0000)
  from space 3008K,  81% used [0x702e0000, 0x70545e38, 0x705d0000)
  to   space 3008K,   0% used [0x6fff0000, 0x6fff0000, 0x702e0000)
 tenured generation   total 60980K, used 36586K [0x792a0000, 0x7ce2d000, 0x8e800000)
   the space 60980K,  59% used [0x792a0000, 0x7b65a900, 0x7b65aa00, 0x7ce2d000)
 compacting perm gen  total 22272K, used 22199K [0x8e800000, 0x8fdc0000, 0x92800000)
   the space 22272K,  99% used [0x8e800000, 0x8fdadf18, 0x8fdae000, 0x8fdc0000)
    ro space 10240K,  58% used [0x92800000, 0x92de1558, 0x92de1600, 0x93200000)
    rw space 12288K,  59% used [0x93200000, 0x939164e8, 0x93916600, 0x93e00000)
Event: 1045.827 GC heap after
Heap after GC invocations=1902 (full 5):
 def new generation   total 27520K, used 179K [0x6e800000, 0x705d0000, 0x792a0000)
  eden space 24512K,   0% used [0x6e800000, 0x6e800000, 0x6fff0000)
  from space 3008K,   5% used [0x6fff0000, 0x7001cde8, 0x702e0000)
  to   space 3008K,   0% used [0x702e0000, 0x702e0000, 0x705d0000)
 tenured generation   total 60980K, used 38998K [0x792a0000, 0x7ce2d000, 0x8e800000)
   the space 60980K,  63% used [0x792a0000, 0x7b8b5bf8, 0x7b8b5c00, 0x7ce2d000)
 compacting perm gen  total 22272K, used 22199K [0x8e800000, 0x8fdc0000, 0x92800000)
   the space 22272K,  99% used [0x8e800000, 0x8fdadf18, 0x8fdae000, 0x8fdc0000)
    ro space 10240K,  58% used [0x92800000, 0x92de1558, 0x92de1600, 0x93200000)
    rw space 12288K,  59% used [0x93200000, 0x939164e8, 0x93916600, 0x93e00000)
}
Event: 1495.689 GC heap before
{Heap before GC invocations=1902 (full 5):
 def new generation   total 27520K, used 24691K [0x6e800000, 0x705d0000, 0x792a0000)
  eden space 24512K, 100% used [0x6e800000, 0x6fff0000, 0x6fff0000)
  from space 3008K,   5% used [0x6fff0000, 0x7001cde8, 0x702e0000)
  to   space 3008K,   0% used [0x702e0000, 0x702e0000, 0x705d0000)
 tenured generation   total 60980K, used 38998K [0x792a0000, 0x7ce2d000, 0x8e800000)
   the space 60980K,  63% used [0x792a0000, 0x7b8b5bf8, 0x7b8b5c00, 0x7ce2d000)
 compacting perm gen  total 22528K, used 22312K [0x8e800000, 0x8fe00000, 0x92800000)
   the space 22528K,  99% used [0x8e800000, 0x8fdca2e8, 0x8fdca400, 0x8fe00000)
    ro space 10240K,  58% used [0x92800000, 0x92de1558, 0x92de1600, 0x93200000)
    rw space 12288K,  59% used [0x93200000, 0x939164e8, 0x93916600, 0x93e00000)
Event: 1495.744 GC heap after
Heap after GC invocations=1903 (full 5):
 def new generation   total 27520K, used 1920K [0x6e800000, 0x705d0000, 0x792a0000)
  eden space 24512K,   0% used [0x6e800000, 0x6e800000, 0x6fff0000)
  from space 3008K,  63% used [0x702e0000, 0x704c0068, 0x705d0000)
  to   space 3008K,   0% used [0x6fff0000, 0x6fff0000, 0x702e0000)
 tenured generation   total 60980K, used 38998K [0x792a0000, 0x7ce2d000, 0x8e800000)
   the space 60980K,  63% used [0x792a0000, 0x7b8b5bf8, 0x7b8b5c00, 0x7ce2d000)
 compacting perm gen  total 22528K, used 22312K [0x8e800000, 0x8fe00000, 0x92800000)
   the space 22528K,  99% used [0x8e800000, 0x8fdca2e8, 0x8fdca400, 0x8fe00000)
    ro space 10240K,  58% used [0x92800000, 0x92de1558, 0x92de1600, 0x93200000)
    rw space 12288K,  59% used [0x93200000, 0x939164e8, 0x93916600, 0x93e00000)
}
Event: 1774.132 GC heap before
{Heap before GC invocations=1903 (full 5):
 def new generation   total 27520K, used 26432K [0x6e800000, 0x705d0000, 0x792a0000)
  eden space 24512K, 100% used [0x6e800000, 0x6fff0000, 0x6fff0000)
  from space 3008K,  63% used [0x702e0000, 0x704c0068, 0x705d0000)
  to   space 3008K,   0% used [0x6fff0000, 0x6fff0000, 0x702e0000)
 tenured generation   total 60980K, used 38998K [0x792a0000, 0x7ce2d000, 0x8e800000)
   the space 60980K,  63% used [0x792a0000, 0x7b8b5bf8, 0x7b8b5c00, 0x7ce2d000)
 compacting perm gen  total 22528K, used 22343K [0x8e800000, 0x8fe00000, 0x92800000)
   the space 22528K,  99% used [0x8e800000, 0x8fdd1f18, 0x8fdd2000, 0x8fe00000)
    ro space 10240K,  58% used [0x92800000, 0x92de1558, 0x92de1600, 0x93200000)
    rw space 12288K,  59% used [0x93200000, 0x939164e8, 0x93916600, 0x93e00000)
Event: 1774.165 GC heap after
Heap after GC invocations=1904 (full 5):
 def new generation   total 27520K, used 1592K [0x6e800000, 0x705d0000, 0x792a0000)
  eden space 24512K,   0% used [0x6e800000, 0x6e800000, 0x6fff0000)
  from space 3008K,  52% used [0x6fff0000, 0x7017e078, 0x702e0000)
  to   space 3008K,   0% used [0x702e0000, 0x702e0000, 0x705d0000)
 tenured generation   total 60980K, used 40070K [0x792a0000, 0x7ce2d000, 0x8e800000)
   the space 60980K,  65% used [0x792a0000, 0x7b9c1b98, 0x7b9c1c00, 0x7ce2d000)
 compacting perm gen  total 22528K, used 22343K [0x8e800000, 0x8fe00000, 0x92800000)
   the space 22528K,  99% used [0x8e800000, 0x8fdd1f18, 0x8fdd2000, 0x8fe00000)
    ro space 10240K,  58% used [0x92800000, 0x92de1558, 0x92de1600, 0x93200000)
    rw space 12288K,  59% used [0x93200000, 0x939164e8, 0x93916600, 0x93e00000)
}
Event: 1810.349 GC heap before
{Heap before GC invocations=1904 (full 5):
 def new generation   total 27520K, used 25535K [0x6e800000, 0x705d0000, 0x792a0000)
  eden space 24512K,  97% used [0x6e800000, 0x6ff61db0, 0x6fff0000)
  from space 3008K,  52% used [0x6fff0000, 0x7017e078, 0x702e0000)
  to   space 3008K,   0% used [0x702e0000, 0x702e0000, 0x705d0000)
 tenured generation   total 60980K, used 40070K [0x792a0000, 0x7ce2d000, 0x8e800000)
   the space 60980K,  65% used [0x792a0000, 0x7b9c1b98, 0x7b9c1c00, 0x7ce2d000)
 compacting perm gen  total 22528K, used 22357K [0x8e800000, 0x8fe00000, 0x92800000)
   the space 22528K,  99% used [0x8e800000, 0x8fdd5638, 0x8fdd5800, 0x8fe00000)
    ro space 10240K,  58% used [0x92800000, 0x92de1558, 0x92de1600, 0x93200000)
    rw space 12288K,  59% used [0x93200000, 0x939164e8, 0x93916600, 0x93e00000)
Event: 1810.503 GC heap after
Heap after GC invocations=1905 (full 5):
 def new generation   total 27520K, used 954K [0x6e800000, 0x705d0000, 0x792a0000)
  eden space 24512K,   0% used [0x6e800000, 0x6e800000, 0x6fff0000)
  from space 3008K,  31% used [0x702e0000, 0x703ce810, 0x705d0000)
  to   space 3008K,   0% used [0x6fff0000, 0x6fff0000, 0x702e0000)
 tenured generation   total 60980K, used 41645K [0x792a0000, 0x7ce2d000, 0x8e800000)
   the space 60980K,  68% used [0x792a0000, 0x7bb4b6d0, 0x7bb4b800, 0x7ce2d000)
 compacting perm gen  total 22528K, used 22357K [0x8e800000, 0x8fe00000, 0x92800000)
   the space 22528K,  99% used [0x8e800000, 0x8fdd5638, 0x8fdd5800, 0x8fe00000)
    ro space 10240K,  58% used [0x92800000, 0x92de1558, 0x92de1600, 0x93200000)
    rw space 12288K,  59% used [0x93200000, 0x939164e8, 0x93916600, 0x93e00000)
}

